
running: check_HAVE_CLOC()
 running: get_fortran_c_namemangling()
 mpicc -O0 -fPIC -c genmake_test.c
 mpiifort -W0 -WB -convert big_endian -assume byterecl -fPIC -c genmake_tcomp.f
 --> set FC_NAMEMANGLE='#define FC_NAMEMANGLE(X)  X ## _'
mpicc -O0 -fPIC -c genmake_tc_1.c
mpiifort -W0 -WB -convert big_endian -assume byterecl -fPIC -o genmake_tc genmake_tc_2.f genmake_tc_1.o
  HELLO WORLD   1641042654.86797     
 --> set HAVE_CLOC='t'

running: check_HAVE_SETRLSTK()
mpicc -O0 -fPIC -c genmake_tc_1.c
      program hello
      external setrlstk
      call setrlstk()
      end
mpiifort -W0 -WB -convert big_endian -assume byterecl -fPIC -o genmake_tc genmake_tc_2.f genmake_tc_1.o
 --> set HAVE_SETRLSTK='t'

running: check_HAVE_SIGREG()
mpicc -O0 -fPIC -c genmake_tc_1.c
      program hello
      integer anint
      common /iv/ anint
      external sigreg
      call sigreg(anint)
      end
mpiifort -W0 -WB -convert big_endian -assume byterecl -fPIC -o genmake_tc genmake_tc_2.f genmake_tc_1.o
 --> set HAVE_SIGREG='t'

running: check_HAVE_STAT()
mpicc -O0 -fPIC -c genmake_tc_1.c
      program hello
      integer nbyte
      call tfsize(nbyte)
      print *," HELLO WORLD", nbyte
      end
mpiifort -W0 -WB -convert big_endian -assume byterecl -fPIC -o genmake_tc genmake_tc_2.f genmake_tc_1.o
 --> set HAVE_STAT='t'

running: check_netcdf_libs()
===  genmake_tnc.F  >>>
      program fgennc
#include "netcdf.inc"
#include "mpif.h"
      integer iret, ncid, xid
      iret = nf_create('genmake_tnc.nc', NF_CLOBBER, ncid)
      IF (iret .NE. NF_NOERR) write(*,*) NF_STRERROR(iret)
      iret = nf_def_dim(ncid, 'X', 11, xid)
      IF (iret .NE. NF_NOERR) write(*,*) NF_STRERROR(iret)
      iret = nf_close(ncid)
      IF (iret .NE. NF_NOERR) write(*,*) NF_STRERROR(iret)
      end
<<<  genmake_tnc.F  ===
cat genmake_tnc.F |  cpp -traditional -P -DWORDLENGTH=4 -DALLOW_USE_MPI -DALWAYS_USE_MPI  -DALLOW_USE_MPI -DALWAYS_USE_MPI -DHAVE_SYSTEM -DHAVE_FDATE -DHAVE_ETIME -DHAVE_CLOC -DHAVE_SETRLSTK -DHAVE_SIGREG -DHAVE_STAT -I/shared/netcdf-4.4.0-intel/include -I/cm/shared/apps/intel/compilers_and_libraries/2016.1.150/mpi/intel64/include
mpiifort  -W0 -WB -convert big_endian -assume byterecl -fPIC -O2 -align  -c genmake_tnc.f  \ 
  &&  mpiifort -i-dynamic -no-ipo  -W0 -WB -convert big_endian -assume byterecl -fPIC -O2 -align  -o genmake_tnc.o -L/shared/netcdf-4.4.0-intel/lib
ifort: command line remark #10148: option '-i-dynamic' not supported
genmake_tnc.o: In function `MAIN__':
genmake_tnc.f:(.text+0x54): undefined reference to `nf_create_'
genmake_tnc.f:(.text+0x8e): undefined reference to `nf_def_dim_'
genmake_tnc.f:(.text+0xac): undefined reference to `nf_close_'
genmake_tnc.f:(.text+0xdd): undefined reference to `nf_strerror_'
genmake_tnc.f:(.text+0x143): undefined reference to `nf_strerror_'
genmake_tnc.f:(.text+0x1a8): undefined reference to `nf_strerror_'

==> try again with added '-lnetcdf'
cat genmake_tnc.F |  cpp -traditional -P -DWORDLENGTH=4 -DALLOW_USE_MPI -DALWAYS_USE_MPI  -DALLOW_USE_MPI -DALWAYS_USE_MPI -DHAVE_SYSTEM -DHAVE_FDATE -DHAVE_ETIME -DHAVE_CLOC -DHAVE_SETRLSTK -DHAVE_SIGREG -DHAVE_STAT -I/shared/netcdf-4.4.0-intel/include -I/cm/shared/apps/intel/compilers_and_libraries/2016.1.150/mpi/intel64/include > genmake_tnc.f \ 
 &&  mpiifort  -W0 -WB -convert big_endian -assume byterecl -fPIC -O2 -align  -c genmake_tnc.f \ 
 &&  mpiifort -i-dynamic -no-ipo  -W0 -WB -convert big_endian -assume byterecl -fPIC -O2 -align  -o genmake_tnc genmake_tnc.o -L/shared/netcdf-4.4.0-intel/lib -lnetcdf
ifort: command line remark #10148: option '-i-dynamic' not supported
genmake_tnc.o: In function `MAIN__':
genmake_tnc.f:(.text+0x54): undefined reference to `nf_create_'
genmake_tnc.f:(.text+0x8e): undefined reference to `nf_def_dim_'
genmake_tnc.f:(.text+0xac): undefined reference to `nf_close_'
genmake_tnc.f:(.text+0xdd): undefined reference to `nf_strerror_'
genmake_tnc.f:(.text+0x143): undefined reference to `nf_strerror_'
genmake_tnc.f:(.text+0x1a8): undefined reference to `nf_strerror_'

==> try again with added '-lnetcdff -lnetcdf'
cat genmake_tnc.F |  cpp -traditional -P -DWORDLENGTH=4 -DALLOW_USE_MPI -DALWAYS_USE_MPI  -DALLOW_USE_MPI -DALWAYS_USE_MPI -DHAVE_SYSTEM -DHAVE_FDATE -DHAVE_ETIME -DHAVE_CLOC -DHAVE_SETRLSTK -DHAVE_SIGREG -DHAVE_STAT -I/shared/netcdf-4.4.0-intel/include -I/cm/shared/apps/intel/compilers_and_libraries/2016.1.150/mpi/intel64/include > genmake_tnc.f \ 
 &&  mpiifort  -W0 -WB -convert big_endian -assume byterecl -fPIC -O2 -align  -c genmake_tnc.f \ 
 &&  mpiifort -i-dynamic -no-ipo  -W0 -WB -convert big_endian -assume byterecl -fPIC -O2 -align  -o genmake_tnc genmake_tnc.o -L/shared/netcdf-4.4.0-intel/lib -lnetcdf
ifort: command line remark #10148: option '-i-dynamic' not supported
check_netcdf: successful
 --> set HAVE_NETCDF='t'
